----- 2025-09-24 16:20:20.268174 -----
 16:20:20 up  1:35,  0 user,  load average: 0.38, 0.39, 0.51
USER     TTY      FROM             LOGIN@   IDLE   JCPU   PCPU  WHAT
    PID COMMAND         %CPU %MEM
   5360 python3         19.9  0.5
   1685 node             2.0 11.7
   1222 node             0.2  1.6
   1855 node             0.0  0.9
      7 sh               0.0  0.0
    888 dockerd          0.0  0.9
   4663 node             0.0  1.3
   1291 node             0.0  0.7
   2286 containerd       0.0  0.6
----- 2025-09-24 16:28:22 -----
16:28:22 up  1:43,  0 user,  load average: 0.39, 0.35, 0.43
USER     TTY      FROM             LOGIN@   IDLE   JCPU   PCPU  WHAT
PID COMMAND         %CPU %MEM
  30984 python3         22.0  0.4
   1685 node             2.4 13.6
  30982 python3          0.7  0.4
   1222 node             0.2  1.7
   1855 node             0.0  0.9
   4663 node             0.0  2.2
      7 sh               0.0  0.0
    888 dockerd          0.0  0.9
   1291 node             0.0  0.7
   2387 node             0.0  0.7
----- 2025-09-24 16:36:31 -----
16:36:31 up  1:51,  0 user,  load average: 0.36, 0.55, 0.51
USER     TTY      FROM             LOGIN@   IDLE   JCPU   PCPU  WHAT
PID COMMAND         %CPU %MEM
  33599 python          20.7  0.4
  34068 node             9.5 13.0
   1685 node             2.4 12.9
  34525 node             1.4  2.1
   1222 node             0.2  1.6
   1855 node             0.0  0.9
  34537 node             0.0  0.7
   4663 node             0.0  2.2
  33591 python           0.0  0.4
  34821 node             0.0  0.7
----- 2025-09-24 16:42:56 -----
 16:42:56 up  1:58,  0 user,  load average: 0.37, 0.36, 0.42
USER     TTY      FROM             LOGIN@   IDLE   JCPU   PCPU  WHAT
    PID COMMAND         %CPU %MEM
  40894 python          22.5  0.4
  34068 node             3.9 13.1
   1685 node             2.5 13.0
  40893 python           0.7  0.4
  34525 node             0.5  2.1
   1222 node             0.2  1.7
   1855 node             0.0  0.9
   4663 node             0.0  2.2
  34537 node             0.0  0.7
